<?xml version="1.0" encoding="UTF-8"?>
<testsuite name="com.soj.designpattern.abstractfactory.CatTest" tests="4" skipped="0" failures="0" errors="0" timestamp="2022-02-11T09:14:50" hostname="DESKTOP-H3C67DB" time="0.004">
  <properties/>
  <testcase name="testToGetAnAnimalAsCatShouldFailed()" classname="com.soj.designpattern.abstractfactory.CatTest" time="0.001"/>
  <testcase name="testToGetAnAnimalAsCatShouldPassed()" classname="com.soj.designpattern.abstractfactory.CatTest" time="0.001"/>
  <testcase name="testToGetSoundOfCatShouldFailed()" classname="com.soj.designpattern.abstractfactory.CatTest" time="0.001"/>
  <testcase name="testToGetSoundOfCatShouldPassed()" classname="com.soj.designpattern.abstractfactory.CatTest" time="0.001"/>
  <system-out><![CDATA[]]></system-out>
  <system-err><![CDATA[]]></system-err>
</testsuite>
