<?xml version="1.0" encoding="UTF-8"?>
<testsuite name="com.soj.designpattern.abstractfactory.DogTest" tests="4" skipped="0" failures="0" errors="0" timestamp="2022-02-11T09:14:50" hostname="DESKTOP-H3C67DB" time="0.003">
  <properties/>
  <testcase name="testToGetAnAnimalAsDogShouldFailed()" classname="com.soj.designpattern.abstractfactory.DogTest" time="0.001"/>
  <testcase name="testToGetAnAnimalAsDogShouldPassed()" classname="com.soj.designpattern.abstractfactory.DogTest" time="0.0"/>
  <testcase name="testToGetSoundOfDogShouldFailed()" classname="com.soj.designpattern.abstractfactory.DogTest" time="0.0"/>
  <testcase name="testToGetSoundOfDogShouldPassed()" classname="com.soj.designpattern.abstractfactory.DogTest" time="0.001"/>
  <system-out><![CDATA[]]></system-out>
  <system-err><![CDATA[]]></system-err>
</testsuite>
