<?xml version="1.0" encoding="UTF-8"?>
<testsuite name="com.soj.designpattern.abstractfactory.DuckTest" tests="4" skipped="0" failures="0" errors="0" timestamp="2022-02-11T09:14:50" hostname="DESKTOP-H3C67DB" time="0.002">
  <properties/>
  <testcase name="testToGetAnAnimalAsDuckShouldFailed()" classname="com.soj.designpattern.abstractfactory.DuckTest" time="0.0"/>
  <testcase name="testToGetAnAnimalAsDuckShouldPassed()" classname="com.soj.designpattern.abstractfactory.DuckTest" time="0.0"/>
  <testcase name="testToGetSoundOfDogShouldFailed()" classname="com.soj.designpattern.abstractfactory.DuckTest" time="0.001"/>
  <testcase name="testToGetSoundOfDuckShouldPassed()" classname="com.soj.designpattern.abstractfactory.DuckTest" time="0.0"/>
  <system-out><![CDATA[]]></system-out>
  <system-err><![CDATA[]]></system-err>
</testsuite>
