<?xml version="1.0" encoding="UTF-8"?>
<testsuite name="com.soj.designpattern.abstractfactory.BlackTest" tests="2" skipped="0" failures="0" errors="0" timestamp="2022-02-11T09:14:50" hostname="DESKTOP-H3C67DB" time="0.003">
  <properties/>
  <testcase name="testToGetGreyColorFailed()" classname="com.soj.designpattern.abstractfactory.BlackTest" time="0.002"/>
  <testcase name="testToGetGreyColorpassed()" classname="com.soj.designpattern.abstractfactory.BlackTest" time="0.001"/>
  <system-out><![CDATA[]]></system-out>
  <system-err><![CDATA[]]></system-err>
</testsuite>
