<?xml version="1.0" encoding="UTF-8"?>
<testsuite name="com.soj.designpattern.abstractfactory.WhiteTest" tests="2" skipped="0" failures="0" errors="0" timestamp="2022-02-11T09:14:50" hostname="DESKTOP-H3C67DB" time="0.001">
  <properties/>
  <testcase name="testToGetWhiteColorFailed()" classname="com.soj.designpattern.abstractfactory.WhiteTest" time="0.0"/>
  <testcase name="testToGetWhiteColorpassed()" classname="com.soj.designpattern.abstractfactory.WhiteTest" time="0.001"/>
  <system-out><![CDATA[]]></system-out>
  <system-err><![CDATA[]]></system-err>
</testsuite>
